[debug] [2019-12-05T11:43:00.089Z] ----------------------------------------------------------------------
[debug] [2019-12-05T11:43:00.091Z] Command:       C:\Program Files\nodejs\node.exe C:\Users\ponnp\AppData\Roaming\npm\node_modules\firebase-tools\lib\bin\firebase.js init
[debug] [2019-12-05T11:43:00.091Z] CLI Version:   7.9.0
[debug] [2019-12-05T11:43:00.091Z] Platform:      win32
[debug] [2019-12-05T11:43:00.091Z] Node Version:  v10.16.3
[debug] [2019-12-05T11:43:00.092Z] Time:          Thu Dec 05 2019 20:43:00 GMT+0900 (Japan Standard Time)
[debug] [2019-12-05T11:43:00.093Z] ----------------------------------------------------------------------
[debug] [2019-12-05T11:43:00.093Z] 
[debug] [2019-12-05T11:43:00.101Z] > command requires scopes: ["email","openid","https://www.googleapis.com/auth/cloudplatformprojects.readonly","https://www.googleapis.com/auth/firebase","https://www.googleapis.com/auth/cloud-platform"]
[debug] [2019-12-05T11:43:00.102Z] > authorizing via signed-in user
[info] 
     ######## #### ########  ######## ########     ###     ######  ########
     ##        ##  ##     ## ##       ##     ##  ##   ##  ##       ##
     ######    ##  ########  ######   ########  #########  ######  ######
     ##        ##  ##    ##  ##       ##     ## ##     ##       ## ##
     ##       #### ##     ## ######## ########  ##     ##  ######  ########

You're about to initialize a Firebase project in this directory:

  C:\Users\ponnp\pomodoro

[info] 
=== Project Setup
[info] 
[info] First, let's associate this project directory with a Firebase project.
[info] You can create multiple project aliases by running firebase use --add, 
[info] but for now we'll just set up a default project.
[info] 
